10 bytes at address 0x0280
1 bytes at address 0x3928
14 bytes at address 0x0290
11 bytes at address 0x029E
14 bytes at address 0x02A9
7 bytes at address 0x02B7
13 bytes at address 0x02BE
13 bytes at address 0x02CB
14 bytes at address 0x02D8
5 bytes at address 0x02E6
13 bytes at address 0x02EB
14 bytes at address 0x02F8
14 bytes at address 0x0306
7 bytes at address 0x0314
11 bytes at address 0x031B
13 bytes at address 0x0326
8 bytes at address 0x0333
3 bytes at address 0x033B
14 bytes at address 0x033E
14 bytes at address 0x034C
6 bytes at address 0x035A
13 bytes at address 0x0360
14 bytes at address 0x036D
14 bytes at address 0x037B
14 bytes at address 0x0389
14 bytes at address 0x0397
5 bytes at address 0x03A5
3 bytes at address 0x03AA
5 bytes at address 0x03AD
14 bytes at address 0x03B2
14 bytes at address 0x03C0
14 bytes at address 0x03CE
8 bytes at address 0x03DC
14 bytes at address 0x03E4
14 bytes at address 0x03F2
14 bytes at address 0x0400
14 bytes at address 0x040E
14 bytes at address 0x041C
12 bytes at address 0x042A
14 bytes at address 0x0436
14 bytes at address 0x0444
11 bytes at address 0x0452
14 bytes at address 0x045D
14 bytes at address 0x046B
14 bytes at address 0x0479
14 bytes at address 0x0487
14 bytes at address 0x0495
14 bytes at address 0x04A3
2 bytes at address 0x04B1
14 bytes at address 0x04B3
4 bytes at address 0x04C1
14 bytes at address 0x04C5
14 bytes at address 0x04D3
14 bytes at address 0x04E1
12 bytes at address 0x04EF
14 bytes at address 0x04FB
14 bytes at address 0x0509
14 bytes at address 0x0517
14 bytes at address 0x0525
14 bytes at address 0x0533
13 bytes at address 0x0541
14 bytes at address 0x054E
2 bytes at address 0x055C
11 bytes at address 0x055E
14 bytes at address 0x0569
1 bytes at address 0x0577
13 bytes at address 0x0578
14 bytes at address 0x0585
3 bytes at address 0x0593
4 bytes at address 0x0596
7 bytes at address 0x059A
5 bytes at address 0x05A1
13 bytes at address 0x05A6
7 bytes at address 0x05B3
7 bytes at address 0x05BA
14 bytes at address 0x05C1
8 bytes at address 0x05CF
14 bytes at address 0x05D7
13 bytes at address 0x05E5
9 bytes at address 0x05F2
14 bytes at address 0x05FB
2 bytes at address 0x0609
9 bytes at address 0x060B
2 bytes at address 0x0614
14 bytes at address 0x206E
14 bytes at address 0x207C
14 bytes at address 0x208A
14 bytes at address 0x2098
14 bytes at address 0x20A6
14 bytes at address 0x20B4
14 bytes at address 0x20C2
14 bytes at address 0x20D0
14 bytes at address 0x20DE
14 bytes at address 0x20EC
14 bytes at address 0x20FA
14 bytes at address 0x2108
14 bytes at address 0x2116
14 bytes at address 0x2124
14 bytes at address 0x2132
14 bytes at address 0x2140
14 bytes at address 0x214E
14 bytes at address 0x215C
14 bytes at address 0x216A
14 bytes at address 0x2178
14 bytes at address 0x2186
14 bytes at address 0x2194
14 bytes at address 0x21A2
14 bytes at address 0x21B0
14 bytes at address 0x21BE
14 bytes at address 0x21CC
14 bytes at address 0x21DA
14 bytes at address 0x21E8
14 bytes at address 0x21F6
14 bytes at address 0x2204
14 bytes at address 0x2212
14 bytes at address 0x2220
14 bytes at address 0x222E
14 bytes at address 0x223C
14 bytes at address 0x224A
14 bytes at address 0x2258
14 bytes at address 0x2266
14 bytes at address 0x2274
14 bytes at address 0x2282
14 bytes at address 0x2290
14 bytes at address 0x229E
14 bytes at address 0x22AC
14 bytes at address 0x22BA
14 bytes at address 0x22C8
14 bytes at address 0x22D6
14 bytes at address 0x22E4
14 bytes at address 0x22F2
14 bytes at address 0x2300
14 bytes at address 0x230E
14 bytes at address 0x231C
14 bytes at address 0x232A
14 bytes at address 0x2338
14 bytes at address 0x2346
14 bytes at address 0x2354
14 bytes at address 0x2362
14 bytes at address 0x2370
14 bytes at address 0x237E
14 bytes at address 0x238C
14 bytes at address 0x239A
14 bytes at address 0x23A8
14 bytes at address 0x23B6
14 bytes at address 0x23C4
14 bytes at address 0x23D2
14 bytes at address 0x23E0
14 bytes at address 0x23EE
14 bytes at address 0x23FC
14 bytes at address 0x240A
14 bytes at address 0x2418
14 bytes at address 0x2426
14 bytes at address 0x2434
14 bytes at address 0x2442
14 bytes at address 0x2450
14 bytes at address 0x245E
14 bytes at address 0x246C
14 bytes at address 0x247A
14 bytes at address 0x2488
14 bytes at address 0x2496
14 bytes at address 0x24A4
14 bytes at address 0x24B2
14 bytes at address 0x24C0
14 bytes at address 0x24CE
14 bytes at address 0x24DC
14 bytes at address 0x24EA
14 bytes at address 0x24F8
14 bytes at address 0x2506
14 bytes at address 0x2514
14 bytes at address 0x2522
14 bytes at address 0x2530
14 bytes at address 0x253E
14 bytes at address 0x254C
14 bytes at address 0x255A
14 bytes at address 0x2568
14 bytes at address 0x2576
14 bytes at address 0x2584
14 bytes at address 0x2592
14 bytes at address 0x25A0
14 bytes at address 0x25AE
14 bytes at address 0x25BC
14 bytes at address 0x25CA
14 bytes at address 0x25D8
14 bytes at address 0x25E6
14 bytes at address 0x25F4
14 bytes at address 0x2602
14 bytes at address 0x2610
14 bytes at address 0x261E
14 bytes at address 0x262C
14 bytes at address 0x263A
14 bytes at address 0x2648
14 bytes at address 0x2656
14 bytes at address 0x2664
14 bytes at address 0x2672
14 bytes at address 0x2680
14 bytes at address 0x268E
14 bytes at address 0x269C
14 bytes at address 0x26AA
14 bytes at address 0x26B8
14 bytes at address 0x26C6
14 bytes at address 0x26D4
14 bytes at address 0x26E2
14 bytes at address 0x26F0
14 bytes at address 0x26FE
14 bytes at address 0x270C
14 bytes at address 0x271A
14 bytes at address 0x2728
14 bytes at address 0x2736
14 bytes at address 0x2744
14 bytes at address 0x2752
14 bytes at address 0x2760
14 bytes at address 0x276E
14 bytes at address 0x277C
14 bytes at address 0x278A
14 bytes at address 0x2798
14 bytes at address 0x27A6
14 bytes at address 0x27B4
14 bytes at address 0x27C2
14 bytes at address 0x27D0
14 bytes at address 0x27DE
14 bytes at address 0x27EC
14 bytes at address 0x27FA
14 bytes at address 0x2808
14 bytes at address 0x2816
14 bytes at address 0x2824
14 bytes at address 0x2832
14 bytes at address 0x2840
14 bytes at address 0x284E
14 bytes at address 0x285C
14 bytes at address 0x286A
14 bytes at address 0x2878
14 bytes at address 0x2886
14 bytes at address 0x2894
14 bytes at address 0x28A2
14 bytes at address 0x28B0
14 bytes at address 0x28BE
14 bytes at address 0x28CC
14 bytes at address 0x28DA
14 bytes at address 0x28E8
14 bytes at address 0x28F6
14 bytes at address 0x2904
14 bytes at address 0x2912
14 bytes at address 0x2920
14 bytes at address 0x292E
14 bytes at address 0x293C
14 bytes at address 0x294A
14 bytes at address 0x2958
14 bytes at address 0x2966
14 bytes at address 0x2974
14 bytes at address 0x2982
14 bytes at address 0x2990
14 bytes at address 0x299E
14 bytes at address 0x29AC
14 bytes at address 0x29BA
14 bytes at address 0x29C8
14 bytes at address 0x29D6
14 bytes at address 0x29E4
14 bytes at address 0x29F2
14 bytes at address 0x2A00
14 bytes at address 0x2A0E
14 bytes at address 0x2A1C
14 bytes at address 0x2A2A
14 bytes at address 0x2A38
14 bytes at address 0x2A46
14 bytes at address 0x2A54
14 bytes at address 0x2A62
14 bytes at address 0x2A70
14 bytes at address 0x2A7E
14 bytes at address 0x2A8C
14 bytes at address 0x2A9A
14 bytes at address 0x2AA8
14 bytes at address 0x2AB6
14 bytes at address 0x2AC4
14 bytes at address 0x2AD2
14 bytes at address 0x2AE0
14 bytes at address 0x2AEE
14 bytes at address 0x2AFC
14 bytes at address 0x2B0A
14 bytes at address 0x2B18
14 bytes at address 0x2B26
14 bytes at address 0x2B34
14 bytes at address 0x2B42
14 bytes at address 0x2B50
14 bytes at address 0x2B5E
14 bytes at address 0x2B6C
14 bytes at address 0x2B7A
14 bytes at address 0x2B88
14 bytes at address 0x2B96
14 bytes at address 0x2BA4
14 bytes at address 0x2BB2
14 bytes at address 0x2BC0
14 bytes at address 0x2BCE
14 bytes at address 0x2BDC
14 bytes at address 0x2BEA
14 bytes at address 0x2BF8
14 bytes at address 0x2C06
14 bytes at address 0x2C14
14 bytes at address 0x2C22
14 bytes at address 0x2C30
14 bytes at address 0x2C3E
14 bytes at address 0x2C4C
14 bytes at address 0x2C5A
14 bytes at address 0x2C68
14 bytes at address 0x2C76
14 bytes at address 0x2C84
14 bytes at address 0x2C92
14 bytes at address 0x2CA0
14 bytes at address 0x2CAE
14 bytes at address 0x2CBC
14 bytes at address 0x2CCA
14 bytes at address 0x2CD8
14 bytes at address 0x2CE6
14 bytes at address 0x2CF4
14 bytes at address 0x2D02
14 bytes at address 0x2D10
14 bytes at address 0x2D1E
14 bytes at address 0x2D2C
14 bytes at address 0x2D3A
14 bytes at address 0x2D48
14 bytes at address 0x2D56
14 bytes at address 0x2D64
14 bytes at address 0x2D72
14 bytes at address 0x2D80
14 bytes at address 0x2D8E
14 bytes at address 0x2D9C
14 bytes at address 0x2DAA
14 bytes at address 0x2DB8
14 bytes at address 0x2DC6
14 bytes at address 0x2DD4
14 bytes at address 0x2DE2
14 bytes at address 0x2DF0
14 bytes at address 0x2DFE
14 bytes at address 0x2E0C
14 bytes at address 0x2E1A
14 bytes at address 0x2E28
14 bytes at address 0x2E36
14 bytes at address 0x2E44
14 bytes at address 0x2E52
14 bytes at address 0x2E60
14 bytes at address 0x2E6E
14 bytes at address 0x2E7C
14 bytes at address 0x2E8A
14 bytes at address 0x2E98
14 bytes at address 0x2EA6
14 bytes at address 0x2EB4
14 bytes at address 0x2EC2
14 bytes at address 0x2ED0
14 bytes at address 0x2EDE
14 bytes at address 0x2EEC
14 bytes at address 0x2EFA
14 bytes at address 0x2F08
14 bytes at address 0x2F16
14 bytes at address 0x2F24
14 bytes at address 0x2F32
14 bytes at address 0x2F40
14 bytes at address 0x2F4E
14 bytes at address 0x2F5C
14 bytes at address 0x2F6A
14 bytes at address 0x2F78
14 bytes at address 0x2F86
14 bytes at address 0x2F94
14 bytes at address 0x2FA2
14 bytes at address 0x2FB0
14 bytes at address 0x2FBE
14 bytes at address 0x2FCC
14 bytes at address 0x2FDA
14 bytes at address 0x2FE8
14 bytes at address 0x2FF6
14 bytes at address 0x3004
14 bytes at address 0x3012
14 bytes at address 0x3020
14 bytes at address 0x302E
14 bytes at address 0x303C
14 bytes at address 0x304A
14 bytes at address 0x3058
14 bytes at address 0x3066
14 bytes at address 0x3074
14 bytes at address 0x3082
14 bytes at address 0x3090
14 bytes at address 0x309E
14 bytes at address 0x30AC
14 bytes at address 0x30BA
14 bytes at address 0x30C8
14 bytes at address 0x30D6
14 bytes at address 0x30E4
14 bytes at address 0x30F2
14 bytes at address 0x0616
12 bytes at address 0x0624
14 bytes at address 0x0630
14 bytes at address 0x063E
3 bytes at address 0x064C
2 bytes at address 0x064F
11 bytes at address 0x0651
14 bytes at address 0x065C
12 bytes at address 0x066A
14 bytes at address 0x0676
14 bytes at address 0x0684
5 bytes at address 0x0692
2 bytes at address 0x0697
14 bytes at address 0x0699
14 bytes at address 0x06A7
12 bytes at address 0x06B5
14 bytes at address 0x06C1
14 bytes at address 0x06CF
13 bytes at address 0x06DD
4 bytes at address 0x06EA
14 bytes at address 0x06EE
14 bytes at address 0x06FC
1 bytes at address 0x070A
9 bytes at address 0x070B
14 bytes at address 0x0714
5 bytes at address 0x0722
14 bytes at address 0x0727
14 bytes at address 0x0735
4 bytes at address 0x0743
5 bytes at address 0x0747
14 bytes at address 0x074C
14 bytes at address 0x075A
2 bytes at address 0x0768
5 bytes at address 0x076A
14 bytes at address 0x076F
14 bytes at address 0x077D
2 bytes at address 0x078B
14 bytes at address 0x078D
14 bytes at address 0x079B
14 bytes at address 0x07A9
14 bytes at address 0x07B7
14 bytes at address 0x07C5
12 bytes at address 0x07D3
4 bytes at address 0x07DF
14 bytes at address 0x07E3
13 bytes at address 0x07F1
4 bytes at address 0x07FE
14 bytes at address 0x0802
12 bytes at address 0x0810
14 bytes at address 0x081C
14 bytes at address 0x082A
12 bytes at address 0x0838
2 bytes at address 0x0844
14 bytes at address 0x0846
14 bytes at address 0x0854
1 bytes at address 0x0862
14 bytes at address 0x0863
14 bytes at address 0x0871
14 bytes at address 0x087F
14 bytes at address 0x088D
14 bytes at address 0x089B
14 bytes at address 0x08A9
14 bytes at address 0x08B7
12 bytes at address 0x08C5
14 bytes at address 0x08D1
14 bytes at address 0x08DF
9 bytes at address 0x08ED
2 bytes at address 0x08F6
13 bytes at address 0x08F8
2 bytes at address 0x0905
14 bytes at address 0x0907
11 bytes at address 0x0915
14 bytes at address 0x0920
14 bytes at address 0x092E
14 bytes at address 0x093C
14 bytes at address 0x094A
14 bytes at address 0x0958
12 bytes at address 0x0966
14 bytes at address 0x0972
14 bytes at address 0x0980
9 bytes at address 0x098E
2 bytes at address 0x0997
13 bytes at address 0x0999
2 bytes at address 0x09A6
5 bytes at address 0x09A8
14 bytes at address 0x09AD
9 bytes at address 0x09BB
13 bytes at address 0x09C4
14 bytes at address 0x09D1
14 bytes at address 0x09DF
2 bytes at address 0x09ED
10 bytes at address 0x09EF
13 bytes at address 0x09F9
14 bytes at address 0x0A06
14 bytes at address 0x0A14
2 bytes at address 0x0A22
13 bytes at address 0x0A24
14 bytes at address 0x0A31
3 bytes at address 0x0A3F
14 bytes at address 0x0A42
10 bytes at address 0x0A50
7 bytes at address 0x0A5A
14 bytes at address 0x0A61
10 bytes at address 0x0A6F
14 bytes at address 0x0A79
14 bytes at address 0x0A87
3 bytes at address 0x0A95
14 bytes at address 0x0A98
11 bytes at address 0x0AA6
3 bytes at address 0x0AB1
12 bytes at address 0x0AB4
5 bytes at address 0x0AC0
14 bytes at address 0x0AC5
3 bytes at address 0x0AD3
14 bytes at address 0x0AD6
14 bytes at address 0x0AE4
3 bytes at address 0x0AF2
14 bytes at address 0x0AF5
12 bytes at address 0x0B03
9 bytes at address 0x0B0F
14 bytes at address 0x0B18
7 bytes at address 0x0B26
14 bytes at address 0x0B2D
14 bytes at address 0x0B3B
3 bytes at address 0x0B49
14 bytes at address 0x0B4C
11 bytes at address 0x0B5A
3 bytes at address 0x0B65
12 bytes at address 0x0B68
5 bytes at address 0x0B74
14 bytes at address 0x3100
14 bytes at address 0x310E
14 bytes at address 0x311C
14 bytes at address 0x312A
14 bytes at address 0x3138
14 bytes at address 0x3146
14 bytes at address 0x3154
14 bytes at address 0x3162
14 bytes at address 0x3170
14 bytes at address 0x317E
14 bytes at address 0x318C
14 bytes at address 0x319A
14 bytes at address 0x31A8
14 bytes at address 0x31B6
14 bytes at address 0x31C4
14 bytes at address 0x31D2
14 bytes at address 0x31E0
14 bytes at address 0x31EE
14 bytes at address 0x31FC
14 bytes at address 0x320A
14 bytes at address 0x3218
14 bytes at address 0x3226
14 bytes at address 0x3234
14 bytes at address 0x3242
14 bytes at address 0x3250
14 bytes at address 0x325E
14 bytes at address 0x326C
14 bytes at address 0x327A
14 bytes at address 0x3288
14 bytes at address 0x3296
14 bytes at address 0x32A4
14 bytes at address 0x32B2
14 bytes at address 0x32C0
14 bytes at address 0x32CE
14 bytes at address 0x32DC
14 bytes at address 0x32EA
14 bytes at address 0x32F8
14 bytes at address 0x3306
14 bytes at address 0x3314
14 bytes at address 0x3322
14 bytes at address 0x3330
14 bytes at address 0x333E
14 bytes at address 0x334C
14 bytes at address 0x335A
14 bytes at address 0x3368
14 bytes at address 0x3376
14 bytes at address 0x3384
14 bytes at address 0x3392
14 bytes at address 0x33A0
14 bytes at address 0x33AE
14 bytes at address 0x33BC
14 bytes at address 0x33CA
14 bytes at address 0x33D8
14 bytes at address 0x33E6
14 bytes at address 0x33F4
14 bytes at address 0x3402
14 bytes at address 0x3410
14 bytes at address 0x341E
14 bytes at address 0x342C
14 bytes at address 0x343A
14 bytes at address 0x3448
14 bytes at address 0x3456
14 bytes at address 0x3464
14 bytes at address 0x3472
14 bytes at address 0x3480
14 bytes at address 0x348E
14 bytes at address 0x349C
14 bytes at address 0x34AA
14 bytes at address 0x34B8
14 bytes at address 0x34C6
14 bytes at address 0x34D4
14 bytes at address 0x34E2
14 bytes at address 0x34F0
14 bytes at address 0x34FE
14 bytes at address 0x350C
14 bytes at address 0x351A
14 bytes at address 0x3528
14 bytes at address 0x3536
14 bytes at address 0x3544
14 bytes at address 0x3552
14 bytes at address 0x3560
14 bytes at address 0x356E
14 bytes at address 0x357C
14 bytes at address 0x358A
14 bytes at address 0x3598
14 bytes at address 0x35A6
14 bytes at address 0x35B4
14 bytes at address 0x35C2
14 bytes at address 0x35D0
14 bytes at address 0x35DE
14 bytes at address 0x35EC
14 bytes at address 0x35FA
14 bytes at address 0x3608
14 bytes at address 0x3616
14 bytes at address 0x3624
14 bytes at address 0x3632
14 bytes at address 0x3640
14 bytes at address 0x364E
14 bytes at address 0x365C
14 bytes at address 0x366A
14 bytes at address 0x3678
14 bytes at address 0x3686
14 bytes at address 0x3694
14 bytes at address 0x36A2
14 bytes at address 0x36B0
14 bytes at address 0x36BE
14 bytes at address 0x36CC
14 bytes at address 0x36DA
14 bytes at address 0x36E8
14 bytes at address 0x36F6
14 bytes at address 0x3704
14 bytes at address 0x3712
14 bytes at address 0x3720
14 bytes at address 0x372E
14 bytes at address 0x373C
14 bytes at address 0x374A
14 bytes at address 0x3758
14 bytes at address 0x3766
14 bytes at address 0x3774
14 bytes at address 0x3782
14 bytes at address 0x3790
14 bytes at address 0x379E
14 bytes at address 0x37AC
14 bytes at address 0x37BA
14 bytes at address 0x37C8
14 bytes at address 0x37D6
14 bytes at address 0x37E4
14 bytes at address 0x37F2
14 bytes at address 0x3800
14 bytes at address 0x380E
14 bytes at address 0x381C
14 bytes at address 0x382A
14 bytes at address 0x3838
14 bytes at address 0x3846
14 bytes at address 0x3854
14 bytes at address 0x3862
14 bytes at address 0x3870
14 bytes at address 0x387E
14 bytes at address 0x388C
14 bytes at address 0x389A
14 bytes at address 0x38A8
14 bytes at address 0x38B6
14 bytes at address 0x38C4
14 bytes at address 0x38D2
14 bytes at address 0x38E0
14 bytes at address 0x38EE
14 bytes at address 0x38FC
12 bytes at address 0x390A
14 bytes at address 0x0B79
6 bytes at address 0x0B87
14 bytes at address 0x0B8D
14 bytes at address 0x0B9B
14 bytes at address 0x0BA9
14 bytes at address 0x0BB7
14 bytes at address 0x0BC5
5 bytes at address 0x0BD3
9 bytes at address 0x0BD8
14 bytes at address 0x0BE1
5 bytes at address 0x0BEF
11 bytes at address 0x0BF4
14 bytes at address 0x0BFF
14 bytes at address 0x0C0D
13 bytes at address 0x0C1B
8 bytes at address 0x0C28
14 bytes at address 0x0C30
10 bytes at address 0x0C3E
14 bytes at address 0x0C48
14 bytes at address 0x0C56
14 bytes at address 0x0C64
5 bytes at address 0x0C72
12 bytes at address 0x0C77
14 bytes at address 0x0C83
14 bytes at address 0x0C91
5 bytes at address 0x0C9F
14 bytes at address 0x0CA4
14 bytes at address 0x0CB2
12 bytes at address 0x0CC0
11 bytes at address 0x0CCC
8 bytes at address 0x0CD7
11 bytes at address 0x0CDF
14 bytes at address 0x0CEA
13 bytes at address 0x0CF8
6 bytes at address 0x0D05
9 bytes at address 0x0D0B
14 bytes at address 0x0D14
5 bytes at address 0x0D22
14 bytes at address 0x0D27
6 bytes at address 0x0D35
12 bytes at address 0x0D3B
14 bytes at address 0x0D47
5 bytes at address 0x0D55
13 bytes at address 0x0D5A
9 bytes at address 0x0D67
14 bytes at address 0x0D70
7 bytes at address 0x0D7E
8 bytes at address 0x0D85
14 bytes at address 0x0D8D
14 bytes at address 0x0D9B
14 bytes at address 0x0DA9
9 bytes at address 0x0DB7
14 bytes at address 0x0DC0
14 bytes at address 0x0DCE
2 bytes at address 0x0DDC
14 bytes at address 0x0DDE
12 bytes at address 0x0DEC
14 bytes at address 0x0DF8
13 bytes at address 0x0E06
2 bytes at address 0x0E13
8 bytes at address 0x0E15
8 bytes at address 0x0E1D
3 bytes at address 0x0E25
11 bytes at address 0x0E28
8 bytes at address 0x0E33
14 bytes at address 0x0E3B
12 bytes at address 0x0E49
5 bytes at address 0x0E55
14 bytes at address 0x0E5A
14 bytes at address 0x0E68
5 bytes at address 0x0E76
13 bytes at address 0x0E7B
12 bytes at address 0x0E88
12 bytes at address 0x0E94
11 bytes at address 0x0EA0
5 bytes at address 0x0EAB
14 bytes at address 0x0EB0
14 bytes at address 0x0EBE
14 bytes at address 0x0ECC
14 bytes at address 0x0EDA
1 bytes at address 0x0EE8
12 bytes at address 0x0EE9
14 bytes at address 0x0EF5
14 bytes at address 0x0F03
2 bytes at address 0x0F11
12 bytes at address 0x0F13
8 bytes at address 0x0F1F
14 bytes at address 0x0F27
14 bytes at address 0x0F35
12 bytes at address 0x0F43
14 bytes at address 0x0F4F
14 bytes at address 0x0F5D
14 bytes at address 0x0F6B
5 bytes at address 0x0F79
2 bytes at address 0x0F7E
14 bytes at address 0x0F80
14 bytes at address 0x0F8E
14 bytes at address 0x0F9C
14 bytes at address 0x0FAA
3 bytes at address 0x0FB8
2 bytes at address 0x0FBB
14 bytes at address 0x0FBD
14 bytes at address 0x0FCB
10 bytes at address 0x0FD9
11 bytes at address 0x0FE3
14 bytes at address 0x0FEE
14 bytes at address 0x0FFC
14 bytes at address 0x100A
14 bytes at address 0x1018
12 bytes at address 0x1026
14 bytes at address 0x1032
14 bytes at address 0x1040
12 bytes at address 0x104E
14 bytes at address 0x105A
14 bytes at address 0x1068
13 bytes at address 0x1076
7 bytes at address 0x1083
14 bytes at address 0x108A
14 bytes at address 0x1098
14 bytes at address 0x10A6
3 bytes at address 0x10B4
14 bytes at address 0x10B7
14 bytes at address 0x10C5
12 bytes at address 0x10D3
5 bytes at address 0x10DF
14 bytes at address 0x10E4
14 bytes at address 0x10F2
12 bytes at address 0x1100
14 bytes at address 0x110C
14 bytes at address 0x111A
14 bytes at address 0x1128
5 bytes at address 0x1136
2 bytes at address 0x113B
14 bytes at address 0x113D
14 bytes at address 0x114B
14 bytes at address 0x1159
14 bytes at address 0x1167
3 bytes at address 0x1175
2 bytes at address 0x1178
14 bytes at address 0x117A
14 bytes at address 0x1188
14 bytes at address 0x1196
14 bytes at address 0x11A4
14 bytes at address 0x11B2
14 bytes at address 0x11C0
14 bytes at address 0x11CE
14 bytes at address 0x11DC
14 bytes at address 0x11EA
14 bytes at address 0x11F8
14 bytes at address 0x1206
12 bytes at address 0x1214
14 bytes at address 0x1220
14 bytes at address 0x122E
11 bytes at address 0x123C
12 bytes at address 0x1247
14 bytes at address 0x1253
14 bytes at address 0x1261
14 bytes at address 0x126F
11 bytes at address 0x127D
14 bytes at address 0x1288
8 bytes at address 0x1296
14 bytes at address 0x129E
11 bytes at address 0x12AC
12 bytes at address 0x12B7
14 bytes at address 0x12C3
14 bytes at address 0x12D1
9 bytes at address 0x12DF
6 bytes at address 0x12E8
7 bytes at address 0x12EE
5 bytes at address 0x12F5
5 bytes at address 0x12FA
14 bytes at address 0x12FF
2 bytes at address 0x130D
14 bytes at address 0x130F
14 bytes at address 0x131D
12 bytes at address 0x132B
9 bytes at address 0x1337
14 bytes at address 0x1340
12 bytes at address 0x134E
14 bytes at address 0x135A
13 bytes at address 0x1368
14 bytes at address 0x1375
6 bytes at address 0x1383
9 bytes at address 0x1389
10 bytes at address 0x1392
5 bytes at address 0x139C
14 bytes at address 0x13A1
14 bytes at address 0x13AF
14 bytes at address 0x13BD
6 bytes at address 0x13CB
14 bytes at address 0x13D1
9 bytes at address 0x13DF
14 bytes at address 0x13E8
14 bytes at address 0x13F6
4 bytes at address 0x1404
14 bytes at address 0x1408
9 bytes at address 0x1416
14 bytes at address 0x141F
12 bytes at address 0x142D
14 bytes at address 0x1439
13 bytes at address 0x1447
2 bytes at address 0x1454
8 bytes at address 0x1456
8 bytes at address 0x145E
3 bytes at address 0x1466
14 bytes at address 0x1469
2 bytes at address 0x1477
5 bytes at address 0x1479
14 bytes at address 0x147E
3 bytes at address 0x148C
14 bytes at address 0x148F
3 bytes at address 0x149D
14 bytes at address 0x14A0
9 bytes at address 0x14AE
14 bytes at address 0x14B7
12 bytes at address 0x14C5
14 bytes at address 0x14D1
6 bytes at address 0x14DF
3 bytes at address 0x14E5
11 bytes at address 0x14E8
5 bytes at address 0x14F3
14 bytes at address 0x14F8
14 bytes at address 0x1506
14 bytes at address 0x1514
14 bytes at address 0x1522
14 bytes at address 0x1530
14 bytes at address 0x153E
14 bytes at address 0x154C
14 bytes at address 0x155A
14 bytes at address 0x1568
14 bytes at address 0x1576
14 bytes at address 0x1584
14 bytes at address 0x1592
14 bytes at address 0x15A0
14 bytes at address 0x15AE
14 bytes at address 0x15BC
14 bytes at address 0x15CA
14 bytes at address 0x15D8
14 bytes at address 0x15E6
14 bytes at address 0x15F4
14 bytes at address 0x1602
14 bytes at address 0x1610
14 bytes at address 0x161E
14 bytes at address 0x162C
14 bytes at address 0x163A
14 bytes at address 0x1648
14 bytes at address 0x1656
14 bytes at address 0x1664
6 bytes at address 0x1672
14 bytes at address 0x1678
14 bytes at address 0x1686
14 bytes at address 0x1694
14 bytes at address 0x16A2
9 bytes at address 0x16B0
11 bytes at address 0x16B9
14 bytes at address 0x16C4
14 bytes at address 0x16D2
3 bytes at address 0x16E0
14 bytes at address 0x16E3
14 bytes at address 0x16F1
3 bytes at address 0x16FF
14 bytes at address 0x1702
4 bytes at address 0x1710
13 bytes at address 0x1714
8 bytes at address 0x1721
1 bytes at address 0x1729
14 bytes at address 0x172A
7 bytes at address 0x1738
14 bytes at address 0x173F
2 bytes at address 0x174D
7 bytes at address 0x174F
6 bytes at address 0x1756
6 bytes at address 0x175C
6 bytes at address 0x1762
9 bytes at address 0x1768
7 bytes at address 0x1771
4 bytes at address 0x1778
4 bytes at address 0x177C
14 bytes at address 0x1780
10 bytes at address 0x178E
3 bytes at address 0x1798
11 bytes at address 0x179B
10 bytes at address 0x17A6
12 bytes at address 0x17B0
13 bytes at address 0x17BC
2 bytes at address 0x17C9
8 bytes at address 0x17CB
7 bytes at address 0x17D3
3 bytes at address 0x17DA
9 bytes at address 0x17DD
4 bytes at address 0x17E6
5 bytes at address 0x17EA
7 bytes at address 0x17EF
8 bytes at address 0x17F6
7 bytes at address 0x17FE
10 bytes at address 0x1805
14 bytes at address 0x180F
12 bytes at address 0x181D
2 bytes at address 0x1829
3 bytes at address 0x182B
14 bytes at address 0x182E
6 bytes at address 0x183C
14 bytes at address 0x1842
9 bytes at address 0x1850
3 bytes at address 0x1859
3 bytes at address 0x185C
3 bytes at address 0x185F
3 bytes at address 0x1862
3 bytes at address 0x1865
6 bytes at address 0x1868
6 bytes at address 0x186E
6 bytes at address 0x1874
6 bytes at address 0x187A
6 bytes at address 0x1880
6 bytes at address 0x1886
6 bytes at address 0x188C
6 bytes at address 0x1892
6 bytes at address 0x1898
6 bytes at address 0x189E
6 bytes at address 0x18A4
6 bytes at address 0x18AA
6 bytes at address 0x18B0
6 bytes at address 0x18B6
6 bytes at address 0x18BC
6 bytes at address 0x18C2
6 bytes at address 0x18C8
6 bytes at address 0x18CE
6 bytes at address 0x18D4
6 bytes at address 0x18DA
6 bytes at address 0x18E0
14 bytes at address 0x3916
4 bytes at address 0x3924
13 bytes at address 0x18E6
13 bytes at address 0x18F3
14 bytes at address 0x1900
14 bytes at address 0x190E
14 bytes at address 0x191C
1 bytes at address 0x192A
13 bytes at address 0x192B
14 bytes at address 0x1938
8 bytes at address 0x1946
14 bytes at address 0x194E
1 bytes at address 0x195C
14 bytes at address 0x195D
14 bytes at address 0x196B
14 bytes at address 0x1979
14 bytes at address 0x1987
14 bytes at address 0x1995
6 bytes at address 0x19A3
4 bytes at address 0x19A9
14 bytes at address 0x19AD
14 bytes at address 0x19BB
8 bytes at address 0x19C9
4 bytes at address 0x19D1
14 bytes at address 0x19D5
14 bytes at address 0x19E3
14 bytes at address 0x19F1
14 bytes at address 0x19FF
3 bytes at address 0x1A0D
4 bytes at address 0x1A10
14 bytes at address 0x1A14
14 bytes at address 0x1A22
14 bytes at address 0x1A30
11 bytes at address 0x1A3E
4 bytes at address 0x1A49
14 bytes at address 0x1A4D
14 bytes at address 0x1A5B
14 bytes at address 0x1A69
14 bytes at address 0x1A77
2 bytes at address 0x1A85
4 bytes at address 0x1A87
14 bytes at address 0x1A8B
14 bytes at address 0x1A99
14 bytes at address 0x1AA7
14 bytes at address 0x1AB5
2 bytes at address 0x1AC3
4 bytes at address 0x1AC5
14 bytes at address 0x1AC9
14 bytes at address 0x1AD7
8 bytes at address 0x1AE5
4 bytes at address 0x1AED
14 bytes at address 0x1AF1
14 bytes at address 0x1AFF
8 bytes at address 0x1B0D
4 bytes at address 0x1B15
14 bytes at address 0x1B19
14 bytes at address 0x1B27
14 bytes at address 0x1B35
5 bytes at address 0x1B43
4 bytes at address 0x1B48
14 bytes at address 0x1B4C
14 bytes at address 0x1B5A
14 bytes at address 0x1B68
4 bytes at address 0x1B76
4 bytes at address 0x1B7A
14 bytes at address 0x1B7E
14 bytes at address 0x1B8C
14 bytes at address 0x1B9A
14 bytes at address 0x1BA8
14 bytes at address 0x1BB6
14 bytes at address 0x1BC4
14 bytes at address 0x1BD2
14 bytes at address 0x1BE0
14 bytes at address 0x1BEE
9 bytes at address 0x1BFC
7 bytes at address 0x1C05
5 bytes at address 0x1C0C
6 bytes at address 0x1C11
5 bytes at address 0x1C17
14 bytes at address 0x1C1C
1 bytes at address 0x1C2A
11 bytes at address 0x1C2B
14 bytes at address 0x1C36
1 bytes at address 0x1C44
11 bytes at address 0x1C45
14 bytes at address 0x1C50
1 bytes at address 0x1C5E
8 bytes at address 0x1C5F
13 bytes at address 0x1C67
2 bytes at address 0x1C74
13 bytes at address 0x1C76
5 bytes at address 0x1C83
11 bytes at address 0x1C88
4 bytes at address 0x1C93
3 bytes at address 0x1C97
10 bytes at address 0x1C9A
10 bytes at address 0x1CA4
7 bytes at address 0x1CAE
5 bytes at address 0x1CB5
7 bytes at address 0x1CBA
14 bytes at address 0x1CC1
14 bytes at address 0x1CCF
14 bytes at address 0x1CDD
2 bytes at address 0x1CEB
12 bytes at address 0x1CED
14 bytes at address 0x1CF9
14 bytes at address 0x1D07
14 bytes at address 0x1D15
6 bytes at address 0x1D23
14 bytes at address 0x1D29
10 bytes at address 0x1D37
14 bytes at address 0x1D41
14 bytes at address 0x1D4F
14 bytes at address 0x1D5D
14 bytes at address 0x1D6B
12 bytes at address 0x1D79
12 bytes at address 0x1D85
5 bytes at address 0x1D91
14 bytes at address 0x1D96
3 bytes at address 0x1DA4
14 bytes at address 0x1DA7
14 bytes at address 0x1DB5
14 bytes at address 0x1DC3
14 bytes at address 0x1DD1
14 bytes at address 0x1DDF
14 bytes at address 0x1DED
14 bytes at address 0x1DFB
10 bytes at address 0x1E09
11 bytes at address 0x1E13
14 bytes at address 0x1E1E
14 bytes at address 0x1E2C
14 bytes at address 0x1E3A
14 bytes at address 0x1E48
6 bytes at address 0x1E56
14 bytes at address 0x1E5C
14 bytes at address 0x1E6A
14 bytes at address 0x1E78
14 bytes at address 0x1E86
9 bytes at address 0x1E94
14 bytes at address 0x1E9D
14 bytes at address 0x1EAB
14 bytes at address 0x1EB9
11 bytes at address 0x1EC7
12 bytes at address 0x1ED2
14 bytes at address 0x1EDE
14 bytes at address 0x1EEC
14 bytes at address 0x1EFA
6 bytes at address 0x1F08
14 bytes at address 0x1F0E
10 bytes at address 0x1F1C
14 bytes at address 0x1F26
14 bytes at address 0x1F34
14 bytes at address 0x1F42
14 bytes at address 0x1F50
14 bytes at address 0x1F5E
2 bytes at address 0x1F6C
12 bytes at address 0x1F6E
5 bytes at address 0x1F7A
6 bytes at address 0x1F7F
2 bytes at address 0x1F85
10 bytes at address 0x1F87
1 bytes at address 0x1F91
6 bytes at address 0x1F92
3 bytes at address 0x1F98
14 bytes at address 0x1F9B
14 bytes at address 0x1FA9
2 bytes at address 0x1FB7
14 bytes at address 0x1FB9
14 bytes at address 0x1FC7
14 bytes at address 0x1FD5
14 bytes at address 0x1FE3
14 bytes at address 0x1FF1
14 bytes at address 0x1FFF
8 bytes at address 0x200D
14 bytes at address 0x2015
14 bytes at address 0x2023
14 bytes at address 0x2031
14 bytes at address 0x203F
10 bytes at address 0x204D
14 bytes at address 0x2057
9 bytes at address 0x2065

14632 total bytes written.
